<?xml version="1.0" encoding="UTF-8"?>
<!-- Generated by org.testng.reporters.JUnitReportReporter -->
<testsuite hostname="iqbal" name="news.Search" tests="1" failures="0" timestamp="28 May 2016 05:57:51 GMT" time="33.435" errors="0">
  <testcase name="searchNews" time="33.435" classname="news.Search"/>
</testsuite> <!-- news.Search -->
